{"errno":-2,"code":"ENOENT","syscall":"open","path":"../public/images/byrd-logo.png","level":"error"}
{"errno":-2,"code":"ENOENT","syscall":"open","path":"public/images/byrd-logo.png","level":"error"}
{"errno":-2,"code":"ENOENT","syscall":"open","path":"../public/images/byrd-logo.png","level":"error"}
{"level":"error"}
{"message":"TypeError: Symbol.asyncIterator is not defined. <= at /Users/simonblixenkrone/Documents/Development/node-apps/data-to-pdf/dist/controllers/userDataController.js","level":"error"}
{"message":"TypeError: Symbol.asyncIterator is not defined. <= at /Users/simonblixenkrone/Documents/Development/node-apps/data-to-pdf/dist/controllers/userDataController.js","level":"error"}
{"message":"TypeError: snapshot.val(...) is not a function or its return value is not iterable <= at /Users/simonblixenkrone/Documents/Development/node-apps/data-to-pdf/dist/controllers/userDataController.js","level":"error"}
{"message":"TypeError: snapshot.val(...) is not a function or its return value is not iterable <= at /Users/simonblixenkrone/Documents/Development/node-apps/data-to-pdf/dist/controllers/userDataController.js","level":"error"}
{"message":"TypeError: array.keys is not a function <= at /Users/simonblixenkrone/Documents/Development/node-apps/data-to-pdf/dist/controllers/userDataController.js","level":"error"}
{"message":"ReferenceError: keys is not defined <= at /Users/simonblixenkrone/Documents/Development/node-apps/data-to-pdf/dist/controllers/userDataController.js","level":"error"}
{"message":"ReferenceError: keys is not defined <= at /Users/simonblixenkrone/Documents/Development/node-apps/data-to-pdf/dist/controllers/userDataController.js","level":"error"}
{"message":"TypeError: snapshot.forEach is not a function <= at /Users/simonblixenkrone/Documents/Development/node-apps/data-to-pdf/dist/controllers/userDataController.js","level":"error"}
{"level":"error"}
{"level":"error"}
{"level":"error"}
{"message":"TypeError: Cannot set property 'userData' of undefined <= at /Users/simonblixenkrone/Documents/Development/node-apps/data-to-pdf/dist/controllers/userDataController.js","level":"error"}
{"message":"TypeError: Cannot set property 'userData' of undefined <= at /Users/simonblixenkrone/Documents/Development/node-apps/data-to-pdf/dist/controllers/userDataController.js","level":"error"}
{"message":"TypeError: Cannot set property 'userData' of undefined <= at /Users/simonblixenkrone/Documents/Development/node-apps/data-to-pdf/dist/controllers/userDataController.js","level":"error"}
{"level":"error"}
{"message":"TypeError: Cannot read property 'displayName' of undefined <= at /Users/simonblixenkrone/Documents/Development/node-apps/data-to-pdf/dist/controllers/userDataController.js","level":"error"}
{"message":"TypeError: Cannot read property 'displayName' of undefined <= at /Users/simonblixenkrone/Documents/Development/node-apps/data-to-pdf/dist/controllers/userDataController.js","level":"error"}
{"message":"TypeError: Cannot set property 'userData' of undefined <= at /Users/simonblixenkrone/Documents/Development/node-apps/data-to-pdf/dist/controllers/userDataController.js","level":"error"}
{"message":"TypeError: Cannot set property 'userData' of undefined <= at /Users/simonblixenkrone/Documents/Development/node-apps/data-to-pdf/dist/controllers/userDataController.js","level":"error"}
{"message":"TypeError: Cannot set property 'userData' of undefined <= at /Users/simonblixenkrone/Documents/Development/node-apps/data-to-pdf/dist/controllers/userDataController.js","level":"error"}
{"message":"TypeError: Cannot read property 'displayName' of undefined <= at /Users/simonblixenkrone/Documents/Development/node-apps/data-to-pdf/dist/controllers/userDataController.js","level":"error"}
{"level":"error"}
{"level":"error"}
{"level":"error"}
{"level":"error"}
{"message":"TypeError: undefined is not a function <= at /Users/simonblixenkrone/Documents/Development/node-apps/data-to-pdf/dist/controllers/userDataController.js","level":"error"}
{"level":"error"}
{"message":"TypeError: data$.val(...).forEach is not a function <= at /Users/simonblixenkrone/Documents/Development/node-apps/data-to-pdf/dist/controllers/userDataController.js","level":"error"}
{"message":"TypeError: userData.values is not a function <= at /Users/simonblixenkrone/Documents/Development/node-apps/data-to-pdf/dist/controllers/userDataController.js","level":"error"}
{"message":"TypeError: getUserData(...).values is not a function <= at /Users/simonblixenkrone/Documents/Development/node-apps/data-to-pdf/dist/controllers/userDataController.js","level":"error"}
{"message":"TypeError: Cannot read property 'i' of undefined <= at /Users/simonblixenkrone/Documents/Development/node-apps/data-to-pdf/dist/controllers/userDataController.js","level":"error"}
{"message":"TypeError: undefined is not iterable <= at /Users/simonblixenkrone/Documents/Development/node-apps/data-to-pdf/dist/controllers/userDataController.js","level":"error"}
{"message":"TypeError: Cannot read property 'length' of undefined <= at /Users/simonblixenkrone/Documents/Development/node-apps/data-to-pdf/dist/controllers/userDataController.js","level":"error"}
{"message":"TypeError: Cannot read property 'length' of undefined <= at /Users/simonblixenkrone/Documents/Development/node-apps/data-to-pdf/dist/controllers/userDataController.js","level":"error"}
{"message":"TypeError: Cannot read property 'length' of undefined <= at /Users/simonblixenkrone/Documents/Development/node-apps/data-to-pdf/dist/controllers/userDataController.js","level":"error"}
{"message":"TypeError: val is not iterable <= at /Users/simonblixenkrone/Documents/Development/node-apps/data-to-pdf/dist/controllers/userDataController.js","level":"error"}
{"message":"TypeError: val is not iterable <= at /Users/simonblixenkrone/Documents/Development/node-apps/data-to-pdf/dist/controllers/userDataController.js","level":"error"}
{"level":"error"}
{"level":"error"}
{"level":"error"}
{"level":"error"}
{"level":"error"}
{"level":"error"}
{"level":"error"}
{"level":"error"}
{"level":"error"}
{"level":"error"}
{"level":"error"}
{"level":"error"}
{"level":"error"}
{"level":"error"}
{"level":"error"}
{"level":"error"}
{"level":"error"}
{"level":"error"}
{"message":"TypeError: Cannot read property 'push' of undefined <= at /Users/simonblixenkrone/Documents/Development/node-apps/data-to-pdf/dist/controllers/userDataController.js","level":"error"}
{"message":"TypeError: Cannot read property 'push' of undefined <= at /Users/simonblixenkrone/Documents/Development/node-apps/data-to-pdf/dist/controllers/userDataController.js","level":"error"}
{"message":"TypeError: Cannot read property 'push' of undefined <= at /Users/simonblixenkrone/Documents/Development/node-apps/data-to-pdf/dist/controllers/userDataController.js","level":"error"}
{"message":"TypeError: Cannot read property 'push' of undefined <= at /Users/simonblixenkrone/Documents/Development/node-apps/data-to-pdf/dist/controllers/userDataController.js","level":"error"}
{"message":"TypeError: Cannot read property 'push' of undefined <= at /Users/simonblixenkrone/Documents/Development/node-apps/data-to-pdf/dist/controllers/userDataController.js","level":"error"}
{"message":"TypeError: Cannot read property 'push' of undefined <= at /Users/simonblixenkrone/Documents/Development/node-apps/data-to-pdf/dist/controllers/userDataController.js","level":"error"}
{"message":"TypeError: undefined is not iterable <= at /Users/simonblixenkrone/Documents/Development/node-apps/data-to-pdf/dist/controllers/userDataController.js","level":"error"}
{"message":"TypeError: undefined is not iterable <= at /Users/simonblixenkrone/Documents/Development/node-apps/data-to-pdf/dist/controllers/userDataController.js","level":"error"}
{"message":"TypeError: undefined is not iterable <= at /Users/simonblixenkrone/Documents/Development/node-apps/data-to-pdf/dist/controllers/userDataController.js","level":"error"}
{"message":"TypeError: undefined is not iterable <= at /Users/simonblixenkrone/Documents/Development/node-apps/data-to-pdf/dist/controllers/userDataController.js","level":"error"}
{"message":"TypeError: undefined is not iterable <= at /Users/simonblixenkrone/Documents/Development/node-apps/data-to-pdf/dist/controllers/userDataController.js","level":"error"}
{"message":"TypeError: val.forEach is not a function <= at /Users/simonblixenkrone/Documents/Development/node-apps/data-to-pdf/dist/controllers/userDataController.js","level":"error"}
{"message":"TypeError: val.forEach is not a function <= at /Users/simonblixenkrone/Documents/Development/node-apps/data-to-pdf/dist/controllers/userDataController.js","level":"error"}
{"message":"TypeError: Cannot assign to read only property 'length' of object '[object String]' <= at /Users/simonblixenkrone/Documents/Development/node-apps/data-to-pdf/dist/controllers/userDataController.js","level":"error"}
{"message":"TypeError: Cannot read property '#<Object>' of undefined <= at /Users/simonblixenkrone/Documents/Development/node-apps/data-to-pdf/dist/controllers/userDataController.js","level":"error"}
{"message":"ReferenceError: vak is not defined <= at /Users/simonblixenkrone/Documents/Development/node-apps/data-to-pdf/dist/controllers/userDataController.js","level":"error"}
{"message":"ReferenceError: vak is not defined <= at /Users/simonblixenkrone/Documents/Development/node-apps/data-to-pdf/dist/controllers/userDataController.js","level":"error"}
{"message":"TypeError: Cannot read property 'push' of undefined <= at /Users/simonblixenkrone/Documents/Development/node-apps/data-to-pdf/dist/controllers/userDataController.js","level":"error"}
{"message":"TypeError: Cannot read property 'push' of undefined <= at /Users/simonblixenkrone/Documents/Development/node-apps/data-to-pdf/dist/controllers/userDataController.js","level":"error"}
{"message":"ReferenceError: remIndex is not defined <= at /Users/simonblixenkrone/Documents/Development/node-apps/data-to-pdf/dist/controllers/userDataController.js","level":"error"}
{"message":"ReferenceError: remIndex is not defined <= at /Users/simonblixenkrone/Documents/Development/node-apps/data-to-pdf/dist/controllers/userDataController.js","level":"error"}
{"message":"TypeError: Assignment to constant variable. <= at /Users/simonblixenkrone/Documents/Development/node-apps/data-to-pdf/dist/controllers/userDataController.js","level":"error"}
{"message":"TypeError: Assignment to constant variable. <= at /Users/simonblixenkrone/Documents/Development/node-apps/data-to-pdf/dist/controllers/userDataController.js","level":"error"}
{"message":"TypeError: Cannot read property 'displayName' of null <= at /Users/simonblixenkrone/Documents/Development/node-apps/data-to-pdf/dist/controllers/userDataController.js","level":"error"}
{"level":"error"}
{"level":"error"}
